# JRE version: OpenJDK Runtime Environment (8.0_242-b01) (build 1.8.0_242-release-1644-b01)
# Java VM: OpenJDK 64-Bit Server VM (25.242-b01 mixed mode windows-amd64 compressed oops)
Heap:
 PSYoungGen      total 411648K, used 71671K [0x00000000e0000000, 0x0000000100000000, 0x0000000100000000)
  eden space 339968K, 0% used [0x00000000e0000000,0x00000000e0000000,0x00000000f4c00000)
  from space 71680K, 99% used [0x00000000f4c00000,0x00000000f91fdd38,0x00000000f9200000)
  to   space 98816K, 0% used [0x00000000f9f80000,0x00000000f9f80000,0x0000000100000000)
 ParOldGen       total 534016K, used 489713K [0x00000000a0000000, 0x00000000c0980000, 0x00000000e0000000)
  object space 534016K, 91% used [0x00000000a0000000,0x00000000bde3c4b8,0x00000000c0980000)
 Metaspace       used 152935K, capacity 161163K, committed 161320K, reserved 1189888K
  class space    used 18750K, capacity 20262K, committed 20272K, reserved 1048576K
GC Heap History (10 events):
Event: 12708.148 GC heap after
Heap after GC invocations=82 (full 7):
 PSYoungGen      total 419328K, used 32892K [0x00000000e0000000, 0x00000000ffe00000, 0x0000000100000000)
  eden space 327680K, 0% used [0x00000000e0000000,0x00000000e0000000,0x00000000f4000000)
  from space 91648K, 35% used [0x00000000f4000000,0x00000000f601f108,0x00000000f9980000)
  to   space 87040K, 0% used [0x00000000fa900000,0x00000000fa900000,0x00000000ffe00000)
 ParOldGen       total 534016K, used 360432K [0x00000000a0000000, 0x00000000c0980000, 0x00000000e0000000)
  object space 534016K, 67% used [0x00000000a0000000,0x00000000b5ffc3c0,0x00000000c0980000)
 Metaspace       used 145108K, capacity 153177K, committed 153256K, reserved 1183744K
  class space    used 17873K, capacity 19351K, committed 19376K, reserved 1048576K
}
Event: 12713.867 GC heap before
{Heap before GC invocations=83 (full 7):
 PSYoungGen      total 419328K, used 360572K [0x00000000e0000000, 0x00000000ffe00000, 0x0000000100000000)
  eden space 327680K, 100% used [0x00000000e0000000,0x00000000f4000000,0x00000000f4000000)
  from space 91648K, 35% used [0x00000000f4000000,0x00000000f601f108,0x00000000f9980000)
  to   space 87040K, 0% used [0x00000000fa900000,0x00000000fa900000,0x00000000ffe00000)
 ParOldGen       total 534016K, used 360432K [0x00000000a0000000, 0x00000000c0980000, 0x00000000e0000000)
  object space 534016K, 67% used [0x00000000a0000000,0x00000000b5ffc3c0,0x00000000c0980000)
 Metaspace       used 145153K, capacity 153197K, committed 153256K, reserved 1183744K
  class space    used 17876K, capacity 19355K, committed 19376K, reserved 1048576K
Event: 12713.908 GC heap after
Heap after GC invocations=83 (full 7):
 PSYoungGen      total 429056K, used 10690K [0x00000000e0000000, 0x00000000ffa80000, 0x0000000100000000)
  eden space 345600K, 0% used [0x00000000e0000000,0x00000000e0000000,0x00000000f5180000)
  from space 83456K, 12% used [0x00000000fa900000,0x00000000fb370a48,0x00000000ffa80000)
  to   space 86528K, 0% used [0x00000000f5180000,0x00000000f5180000,0x00000000fa600000)
 ParOldGen       total 534016K, used 377717K [0x00000000a0000000, 0x00000000c0980000, 0x00000000e0000000)
  object space 534016K, 70% used [0x00000000a0000000,0x00000000b70dd6d0,0x00000000c0980000)
 Metaspace       used 145153K, capacity 153197K, committed 153256K, reserved 1183744K
  class space    used 17876K, capacity 19355K, committed 19376K, reserved 1048576K
}
Event: 12715.032 GC heap before
{Heap before GC invocations=84 (full 7):
 PSYoungGen      total 429056K, used 356290K [0x00000000e0000000, 0x00000000ffa80000, 0x0000000100000000)
  eden space 345600K, 100% used [0x00000000e0000000,0x00000000f5180000,0x00000000f5180000)
  from space 83456K, 12% used [0x00000000fa900000,0x00000000fb370a48,0x00000000ffa80000)
  to   space 86528K, 0% used [0x00000000f5180000,0x00000000f5180000,0x00000000fa600000)
 ParOldGen       total 534016K, used 377717K [0x00000000a0000000, 0x00000000c0980000, 0x00000000e0000000)
  object space 534016K, 70% used [0x00000000a0000000,0x00000000b70dd6d0,0x00000000c0980000)
 Metaspace       used 147045K, capacity 155129K, committed 155304K, reserved 1185792K
  class space    used 18068K, capacity 19553K, committed 19632K, reserved 1048576K
Event: 12715.094 GC heap after
Heap after GC invocations=84 (full 7):
 PSYoungGen      total 411136K, used 65187K [0x00000000e0000000, 0x0000000100000000, 0x0000000100000000)
  eden space 345600K, 0% used [0x00000000e0000000,0x00000000e0000000,0x00000000f5180000)
  from space 65536K, 99% used [0x00000000f5180000,0x00000000f9128ce0,0x00000000f9180000)
  to   space 92672K, 0% used [0x00000000fa580000,0x00000000fa580000,0x0000000100000000)
 ParOldGen       total 534016K, used 387493K [0x00000000a0000000, 0x00000000c0980000, 0x00000000e0000000)
  object space 534016K, 72% used [0x00000000a0000000,0x00000000b7a694e0,0x00000000c0980000)
 Metaspace       used 147045K, capacity 155129K, committed 155304K, reserved 1185792K
  class space    used 18068K, capacity 19553K, committed 19632K, reserved 1048576K
}
Event: 12716.709 GC heap before
{Heap before GC invocations=85 (full 7):
 PSYoungGen      total 411136K, used 410787K [0x00000000e0000000, 0x0000000100000000, 0x0000000100000000)
  eden space 345600K, 100% used [0x00000000e0000000,0x00000000f5180000,0x00000000f5180000)
  from space 65536K, 99% used [0x00000000f5180000,0x00000000f9128ce0,0x00000000f9180000)
  to   space 92672K, 0% used [0x00000000fa580000,0x00000000fa580000,0x0000000100000000)
 ParOldGen       total 534016K, used 387493K [0x00000000a0000000, 0x00000000c0980000, 0x00000000e0000000)
  object space 534016K, 72% used [0x00000000a0000000,0x00000000b7a694e0,0x00000000c0980000)
 Metaspace       used 152916K, capacity 161163K, committed 161320K, reserved 1189888K
  class space    used 18750K, capacity 20262K, committed 20272K, reserved 1048576K
Event: 12716.814 GC heap after
Heap after GC invocations=85 (full 7):
 PSYoungGen      total 432640K, used 48995K [0x00000000e0000000, 0x0000000100000000, 0x0000000100000000)
  eden space 339968K, 0% used [0x00000000e0000000,0x00000000e0000000,0x00000000f4c00000)
  from space 92672K, 52% used [0x00000000fa580000,0x00000000fd558e70,0x0000000100000000)
  to   space 91648K, 0% used [0x00000000f4c00000,0x00000000f4c00000,0x00000000fa580000)
 ParOldGen       total 534016K, used 447636K [0x00000000a0000000, 0x00000000c0980000, 0x00000000e0000000)
  object space 534016K, 83% used [0x00000000a0000000,0x00000000bb525100,0x00000000c0980000)
 Metaspace       used 152916K, capacity 161163K, committed 161320K, reserved 1189888K
  class space    used 18750K, capacity 20262K, committed 20272K, reserved 1048576K
}
Event: 12717.527 GC heap before
{Heap before GC invocations=86 (full 7):
 PSYoungGen      total 432640K, used 388963K [0x00000000e0000000, 0x0000000100000000, 0x0000000100000000)
  eden space 339968K, 100% used [0x00000000e0000000,0x00000000f4c00000,0x00000000f4c00000)
  from space 92672K, 52% used [0x00000000fa580000,0x00000000fd558e70,0x0000000100000000)
  to   space 91648K, 0% used [0x00000000f4c00000,0x00000000f4c00000,0x00000000fa580000)
 ParOldGen       total 534016K, used 447636K [0x00000000a0000000, 0x00000000c0980000, 0x00000000e0000000)
  object space 534016K, 83% used [0x00000000a0000000,0x00000000bb525100,0x00000000c0980000)
 Metaspace       used 152935K, capacity 161163K, committed 161320K, reserved 1189888K
  class space    used 18750K, capacity 20262K, committed 20272K, reserved 1048576K
Event: 12717.632 GC heap after
Heap after GC invocations=86 (full 7):
 PSYoungGen      total 411648K, used 71671K [0x00000000e0000000, 0x0000000100000000, 0x0000000100000000)
  eden space 339968K, 0% used [0x00000000e0000000,0x00000000e0000000,0x00000000f4c00000)
  from space 71680K, 99% used [0x00000000f4c00000,0x00000000f91fdd38,0x00000000f9200000)
  to   space 98816K, 0% used [0x00000000f9f80000,0x00000000f9f80000,0x0000000100000000)
 ParOldGen       total 534016K, used 489713K [0x00000000a0000000, 0x00000000c0980000, 0x00000000e0000000)
  object space 534016K, 91% used [0x00000000a0000000,0x00000000bde3c4b8,0x00000000c0980000)
 Metaspace       used 152935K, capacity 161163K, committed 161320K, reserved 1189888K
  class space    used 18750K, capacity 20262K, committed 20272K, reserved 1048576K
}
Event: 12717.632 GC heap before
{Heap before GC invocations=87 (full 8):
 PSYoungGen      total 411648K, used 71671K [0x00000000e0000000, 0x0000000100000000, 0x0000000100000000)
  eden space 339968K, 0% used [0x00000000e0000000,0x00000000e0000000,0x00000000f4c00000)
  from space 71680K, 99% used [0x00000000f4c00000,0x00000000f91fdd38,0x00000000f9200000)
  to   space 98816K, 0% used [0x00000000f9f80000,0x00000000f9f80000,0x0000000100000000)
 ParOldGen       total 534016K, used 489713K [0x00000000a0000000, 0x00000000c0980000, 0x00000000e0000000)
  object space 534016K, 91% used [0x00000000a0000000,0x00000000bde3c4b8,0x00000000c0980000)
 Metaspace       used 152935K, capacity 161163K, committed 161320K, reserved 1189888K
  class space    used 18750K, capacity 20262K, committed 20272K, reserved 1048576K

